<?xml version="1.0" encoding="UTF-8"?>
<!-- Generated by org.testng.reporters.JUnitXMLReporter -->
<testsuite hostname="vinod-PC" ignored="0" name="Test" tests="3" failures="0" timestamp="27 Mar 2019 17:36:10 GMT" time="109.798" errors="0">
  <testcase name="testValidLogin" time="35.412" classname="POMTest.UpdateProfile"/>
  <testcase name="testValidLogin" time="1.561" classname="POMTest.ValidLogIn"/>
  <testcase name="logout" time="26.431" classname="POMTest.LogOut"/>
</testsuite> <!-- Test -->
